Round 0
Added player 27537
Bet received from player 27537: $8 on the numbers 6 11 16 30 38 40 
Added player 27538
Bet received from player 27538: $8 on the numbers 6 11 16 30 38 40 
Winning bet of round 0 was by player 27538 (1 wins, 0 losses): $16 on the numbers 0 0 0 0 0 0 
Round 1
Added player 27541
Bet received from player 27537: $12 on the numbers 9 10 18 24 25 48 
Bet received from player 27538: $12 on the numbers 9 10 18 24 25 48 
Bet received from player 27541: $8 on the numbers 6 11 16 30 38 40 
Added player 27542
Bet received from player 27542: $8 on the numbers 6 11 16 30 38 40 
Added player 27543
Bet received from player 27543: $8 on the numbers 6 11 16 30 38 40 
Added player 27544
Bet received from player 27544: $8 on the numbers 6 11 16 30 38 40 
Added player 27545
Bet received from player 27545: $8 on the numbers 6 11 16 30 38 40 
Added player 27546
Bet received from player 27546: $8 on the numbers 6 11 16 30 38 40 
Added player 27547
Bet received from player 27547: $8 on the numbers 6 11 16 30 38 40 
Added player 27550
Bet received from player 27550: $8 on the numbers 6 11 16 30 38 40 
Added player 27551
Bet received from player 27551: $8 on the numbers 6 11 16 30 38 40 
Winning bet of round 1 was by player 27551 (1 wins, 0 losses): $96 on the numbers 0 0 0 0 0 0 
Round 2
Bet received from player 27537: $16 on the numbers 7 18 19 21 22 23 
Bet received from player 27538: $16 on the numbers 7 18 19 21 22 23 
Added player 27552
Bet received from player 27541: $12 on the numbers 9 10 18 24 25 48 
Bet received from player 27542: $12 on the numbers 9 10 18 24 25 48 
Bet received from player 27543: $12 on the numbers 9 10 18 24 25 48 
Bet received from player 27544: $12 on the numbers 9 10 18 24 25 48 
Bet received from player 27545: $12 on the numbers 9 10 18 24 25 48 
Bet received from player 27546: $12 on the numbers 9 10 18 24 25 48 
Added player 27553
Bet received from player 27547: $12 on the numbers 9 10 18 24 25 48 
Bet received from player 27550: $12 on the numbers 9 10 18 24 25 48 
Bet received from player 27551: $12 on the numbers 9 10 18 24 25 48 
Bet received from player 27552: $8 on the numbers 6 11 16 30 38 40 
Bet received from player 27553: $8 on the numbers 6 11 16 30 38 40 
Winning bet of round 2 was by player 27552 (1 wins, 0 losses): $156 on the numbers 0 0 0 0 0 0 
Round 3
Bet received from player 27538: $20 on the numbers 4 6 22 24 31 38 
Bet received from player 27541: $16 on the numbers 7 18 19 21 22 23 
Bet received from player 27542: $16 on the numbers 7 18 19 21 22 23 
Bet received from player 27543: $16 on the numbers 7 18 19 21 22 23 
Bet received from player 27544: $16 on the numbers 7 18 19 21 22 23 
Bet received from player 27545: $16 on the numbers 7 18 19 21 22 23 
Bet received from player 27546: $16 on the numbers 7 18 19 21 22 23 
Bet received from player 27547: $16 on the numbers 7 18 19 21 22 23 
Bet received from player 27550: $16 on the numbers 7 18 19 21 22 23 
Bet received from player 27551: $16 on the numbers 7 18 19 21 22 23 
Bet received from player 27552: $12 on the numbers 9 10 18 24 25 48 
Bet received from player 27553: $12 on the numbers 9 10 18 24 25 48 
Bet received from player 27537: $20 on the numbers 4 6 22 24 31 38 
Winning bet of round 3 was by player 27543 (1 wins, 2 losses): $208 on the numbers 0 0 0 0 0 0 
Round 4
Bet received from player 27538: $24 on the numbers 1 6 30 34 48 49 
Bet received from player 27541: $20 on the numbers 4 6 22 24 31 38 
Bet received from player 27542: $20 on the numbers 4 6 22 24 31 38 
Bet received from player 27543: $20 on the numbers 4 6 22 24 31 38 
Bet received from player 27544: $20 on the numbers 4 6 22 24 31 38 
Bet received from player 27545: $20 on the numbers 4 6 22 24 31 38 
Bet received from player 27546: $20 on the numbers 4 6 22 24 31 38 
Bet received from player 27547: $20 on the numbers 4 6 22 24 31 38 
Bet received from player 27550: $20 on the numbers 4 6 22 24 31 38 
Bet received from player 27551: $20 on the numbers 4 6 22 24 31 38 
Bet received from player 27552: $16 on the numbers 7 18 19 21 22 23 
Bet received from player 27553: $16 on the numbers 7 18 19 21 22 23 
Bet received from player 27537: $24 on the numbers 1 6 30 34 48 49 
Winning bet of round 4 was by player 27538 (2 wins, 3 losses): $260 on the numbers 0 0 0 0 0 0 
Round 5
Bet received from player 27544: $24 on the numbers 1 6 30 34 48 49 
Bet received from player 27545: $24 on the numbers 1 6 30 34 48 49 
Bet received from player 27546: $24 on the numbers 1 6 30 34 48 49 
Bet received from player 27547: $24 on the numbers 1 6 30 34 48 49 
Bet received from player 27550: $24 on the numbers 1 6 30 34 48 49 
Bet received from player 27551: $24 on the numbers 1 6 30 34 48 49 
Bet received from player 27552: $20 on the numbers 4 6 22 24 31 38 
Bet received from player 27553: $20 on the numbers 4 6 22 24 31 38 
Bet received from player 27541: $24 on the numbers 1 6 30 34 48 49 
Bet received from player 27542: $24 on the numbers 1 6 30 34 48 49 
Bet received from player 27543: $24 on the numbers 1 6 30 34 48 49 
Winning bet of round 5 was by player 27553 (1 wins, 3 losses): $256 on the numbers 0 0 0 0 0 0 
Round 6
Bet received from player 27552: $24 on the numbers 1 6 30 34 48 49 
Bet received from player 27553: $24 on the numbers 1 6 30 34 48 49 
Winning bet of round 6 was by player 27553 (2 wins, 3 losses): $48 on the numbers 0 0 0 0 0 0 
Round 7
Nobody placed any bets this round
Round 8
Nobody placed any bets this round
Round 9
Nobody placed any bets this round
Round 10
Nobody placed any bets this round
Round 11
Added player 27574
Bet received from player 27574: $8 on the numbers 6 11 16 30 38 40 
Winning bet of round 11 was by player 27574 (1 wins, 0 losses): $8 on the numbers 0 0 0 0 0 0 
Round 12
Added player 27575
Bet received from player 27574: $12 on the numbers 9 10 18 24 25 48 
Bet received from player 27575: $12 on the numbers 9 10 18 24 25 48 
Winning bet of round 12 was by player 27575 (1 wins, 0 losses): $24 on the numbers 0 0 0 0 0 0 
Round 13
Bet received from player 27574: $16 on the numbers 7 18 19 21 22 23 
Bet received from player 27575: $16 on the numbers 7 18 19 21 22 23 
Winning bet of round 13 was by player 27575 (2 wins, 0 losses): $32 on the numbers 0 0 0 0 0 0 
Round 14
Bet received from player 27574: $20 on the numbers 4 6 22 24 31 38 
Bet received from player 27575: $20 on the numbers 4 6 22 24 31 38 
Winning bet of round 14 was by player 27574 (2 wins, 2 losses): $40 on the numbers 0 0 0 0 0 0 
Round 15
Bet received from player 27574: $24 on the numbers 1 6 30 34 48 49 
Bet received from player 27575: $24 on the numbers 1 6 30 34 48 49 
Winning bet of round 15 was by player 27575 (3 wins, 1 losses): $48 on the numbers 0 0 0 0 0 0 
Round 16
Nobody placed any bets this round
Round 17
Nobody placed any bets this round
Round 18
Nobody placed any bets this round
Round 19
Nobody placed any bets this round
SemaphoreWait() called 110 times
SemaphoreSignal() called 110 times
SemaphoreInspect() called 2025 times
